D:\WORK\C++\MYPROJECTS\SIMPLELABYRINTH\DEBUG\SIMPLELABYRINTH.EXE
D:\WORK\C++\MYPROJECTS\SIMPLELABYRINTH\DEBUG\SIMPLELABYRINTH.PDB
D:\work\c++\myprojects\SimpleLabyrinth\SimpleLabyrinth\Debug\cl.command.1.tlog
D:\work\c++\myprojects\SimpleLabyrinth\SimpleLabyrinth\Debug\CL.read.1.tlog
D:\work\c++\myprojects\SimpleLabyrinth\SimpleLabyrinth\Debug\CL.write.1.tlog
D:\work\c++\myprojects\SimpleLabyrinth\SimpleLabyrinth\Debug\link.command.1.tlog
D:\work\c++\myprojects\SimpleLabyrinth\SimpleLabyrinth\Debug\link.read.1.tlog
D:\work\c++\myprojects\SimpleLabyrinth\SimpleLabyrinth\Debug\link.write.1.tlog
D:\WORK\C++\MYPROJECTS\SIMPLELABYRINTH\SIMPLELABYRINTH\DEBUG\MAP.OBJ
D:\work\c++\myprojects\SimpleLabyrinth\SimpleLabyrinth\Debug\mt.command.1.tlog
D:\work\c++\myprojects\SimpleLabyrinth\SimpleLabyrinth\Debug\mt.read.1.tlog
D:\work\c++\myprojects\SimpleLabyrinth\SimpleLabyrinth\Debug\mt.write.1.tlog
D:\work\c++\myprojects\SimpleLabyrinth\SimpleLabyrinth\Debug\rc.command.1.tlog
D:\work\c++\myprojects\SimpleLabyrinth\SimpleLabyrinth\Debug\rc.read.1.tlog
D:\work\c++\myprojects\SimpleLabyrinth\SimpleLabyrinth\Debug\rc.write.1.tlog
D:\work\c++\myprojects\SimpleLabyrinth\SimpleLabyrinth\Debug\SimpleLabyrinth.exe.embed.manifest
D:\WORK\C++\MYPROJECTS\SIMPLELABYRINTH\SIMPLELABYRINTH\DEBUG\SIMPLELABYRINTH.EXE.EMBED.MANIFEST.RES
D:\WORK\C++\MYPROJECTS\SIMPLELABYRINTH\SIMPLELABYRINTH\DEBUG\SIMPLELABYRINTH.EXE.INTERMEDIATE.MANIFEST
D:\WORK\C++\MYPROJECTS\SIMPLELABYRINTH\SIMPLELABYRINTH\DEBUG\SIMPLELABYRINTH.OBJ
D:\WORK\C++\MYPROJECTS\SIMPLELABYRINTH\SIMPLELABYRINTH\DEBUG\SIMPLELABYRINTH.PCH
D:\work\c++\myprojects\SimpleLabyrinth\SimpleLabyrinth\Debug\SimpleLabyrinth.vcxprojResolveAssemblyReference.cache
D:\work\c++\myprojects\SimpleLabyrinth\SimpleLabyrinth\Debug\SimpleLabyrinth.write.1.tlog
D:\work\c++\myprojects\SimpleLabyrinth\SimpleLabyrinth\Debug\SimpleLabyrinth_manifest.rc
D:\WORK\C++\MYPROJECTS\SIMPLELABYRINTH\SIMPLELABYRINTH\DEBUG\STDAFX.OBJ
D:\work\c++\myprojects\SimpleLabyrinth\SimpleLabyrinth\Debug\vc100.idb
D:\WORK\C++\MYPROJECTS\SIMPLELABYRINTH\SIMPLELABYRINTH\DEBUG\VC100.PDB
